Status checked at 21:26:41: Order received
Status checked at 21:26:53: Order received
Status checked at 21:29:16: Baking your pizza
Checked at 21:50:19: Making your pizza
Checked at 21:50:29: Making your pizza
Checked at 21:50:39: Making your pizza
Checked at 21:50:49: Making your pizza
Checked at 21:50:59: Making your pizza
Checked at 21:51:09: Making your pizza
Checked at 21:51:20: Baking your pizza
Checked at 21:51:30: Baking your pizza
Checked at 21:51:40: Baking your pizza
Checked at 21:51:50: Baking your pizza
Checked at 21:52:00: Baking your pizza
Checked at 21:52:10: Baking your pizza
Checked at 21:52:20: Baking your pizza
Checked at 21:52:30: Baking your pizza
Checked at 21:52:40: Baking your pizza
Checked at 21:52:50: Pizza is on its way!
Checked at 21:53:00: Pizza is on its way!
Checked at 21:53:10: Pizza is on its way!
Checked at 21:53:20: Pizza is on its way!
Checked at 21:53:30: Pizza is on its way!
Checked at 21:53:41: Pizza is on its way!
Checked at 21:53:51: Pizza is on its way!
Checked at 21:54:01: Pizza is on its way!
Checked at 21:54:11: Pizza is on its way!
Checked at 21:54:21: Pizza is on its way!
Checked at 21:54:31: Pizza is on its way!
Checked at 21:54:41: Pizza is on its way!
Checked at 21:55:00: Pizza delivered!
Checked at 21:55:01: Pizza delivered!
Checked at 21:56:16: Pizza delivered!
Checked at 21:56:42: Pizza delivered!
Checked at 21:56:43: Pizza delivered!
Checked at 21:58:25: Order received
Checked at 21:58:35: Order received
Checked at 21:58:45: Making your pizza
Checked at 21:58:55: Making your pizza
Checked at 21:59:06: Making your pizza
Checked at 21:59:16: Making your pizza
Checked at 21:59:26: Making your pizza
Checked at 21:59:36: Making your pizza
Checked at 21:59:46: Baking your pizza
Checked at 21:59:56: Baking your pizza
Checked at 22:00:06: Baking your pizza
Checked at 22:00:16: Baking your pizza
Checked at 22:00:26: Baking your pizza
Checked at 22:00:36: Baking your pizza
Checked at 22:00:46: Baking your pizza
Checked at 22:00:56: Baking your pizza
Checked at 22:01:06: Baking your pizza
Checked at 22:01:16: Pizza is on its way!
Checked at 22:01:27: Pizza is on its way!
Checked at 22:01:37: Pizza is on its way!
Checked at 22:01:47: Pizza is on its way!
Checked at 22:01:57: Pizza is on its way!
Checked at 22:02:07: Pizza is on its way!
Checked at 22:02:49: Making your pizza
Checked at 22:02:59: Baking your pizza
Checked at 22:03:09: Pizza is on its way!
Checked at 22:08:39: Pizza delivered!
Checked at 22:08:39: Pizza delivered!
Checked at 22:19:05: Order received
Checked at 22:19:15: Making your pizza
Checked at 22:19:25: Baking your pizza
Checked at 22:19:35: Pizza is on its way!
Checked at 22:20:03: Pizza delivered!
Checked at 22:20:04: Pizza delivered!
Checked at 22:20:36: Order received
Checked at 22:20:46: Making your pizza
Checked at 22:20:56: Baking your pizza
Checked at 22:21:06: Pizza is on its way!
Checked at 22:23:22: Pizza delivered!
Checked at 22:23:22: Pizza delivered!
Checked at 22:36:07: Making your pizza
Checked at 22:36:17: Baking your pizza
Checked at 22:36:25: Pizza is on its way!
Checked at 22:36:37: Error checking status
Checked at 22:36:44: Pizza delivered!
Checked at 22:37:40: Pizza delivered!
Checked at 22:37:41: Pizza delivered!
